\BOOKMARK [1][-]{section.1}{Introduction Overview}{}% 1
\BOOKMARK [1][-]{section.2}{Application Requirements Specifications}{}% 2
\BOOKMARK [1][-]{section.3}{Database Requirements Specifications}{}% 3
\BOOKMARK [2][-]{subsection.3.1}{Objects and Relationships}{section.3}% 4
\BOOKMARK [2][-]{subsection.3.2}{Queries and Transactions}{section.3}% 5
\BOOKMARK [2][-]{subsection.3.3}{Actions and Events}{section.3}% 6
\BOOKMARK [2][-]{subsection.3.4}{Integrity Constraints}{section.3}% 7
\BOOKMARK [1][-]{section.4}{ER Diagram}{}% 8
\BOOKMARK [1][-]{section.5}{Relational Model}{}% 9
\BOOKMARK [2][-]{subsection.5.1}{Justification of Relational Model}{section.5}% 10
\BOOKMARK [1][-]{section.6}{Installing on a DBMS}{}% 11
\BOOKMARK [1][-]{section.7}{SQL Queries}{}% 12
\BOOKMARK [1][-]{section.8}{Integrity Constraints}{}% 13
\BOOKMARK [1][-]{section.9}{DBMS Implementation}{}% 14
\BOOKMARK [1][-]{section.10}{Application Implementation}{}% 15
\BOOKMARK [1][-]{appendix.A}{Appendix 1. Installation Manual}{}% 16
\BOOKMARK [2][-]{subsection.A.1}{Installing Django and MySQL}{appendix.A}% 17
\BOOKMARK [1][-]{appendix.B}{Application}{}% 18
\BOOKMARK [1][-]{appendix.C}{Appendix 2. User's Manual}{}% 19
\BOOKMARK [2][-]{subsection.C.1}{Starting Case Scheduler}{appendix.C}% 20
\BOOKMARK [2][-]{subsection.C.2}{Adding Courses}{appendix.C}% 21
\BOOKMARK [2][-]{subsection.C.3}{Course Information}{appendix.C}% 22
\BOOKMARK [2][-]{subsection.C.4}{Professors}{appendix.C}% 23
\BOOKMARK [2][-]{subsection.C.5}{My Courses}{appendix.C}% 24
\BOOKMARK [2][-]{subsection.C.6}{Courses on the Schedule}{appendix.C}% 25
\BOOKMARK [2][-]{subsection.C.7}{Custom Events}{appendix.C}% 26
